<?xml version="1.0" encoding="UTF-8"?>
<!-- Generated by org.testng.reporters.JUnitReportReporter -->
<testsuite skipped="0" hostname="LAPTOP-UFMLBTPI" name="AlshayaExportFunctionality.Export_MotherCare_SA" tests="4" failures="0" timestamp="2019-11-12T12:08:49 IST" time="44.030" errors="0">
  <testcase name="HandleThePopUpBox" time="10.269" classname="AlshayaExportFunctionality.Export_MotherCare_SA"/>
  <testcase name="SignInClick" time="6.125" classname="AlshayaExportFunctionality.Export_MotherCare_SA"/>
  <testcase name="LoginPage" time="14.369" classname="AlshayaExportFunctionality.Export_MotherCare_SA"/>
  <testcase name="HomePage" time="13.267" classname="AlshayaExportFunctionality.Export_MotherCare_SA"/>
</testsuite> <!-- AlshayaExportFunctionality.Export_MotherCare_SA -->
