<?xml version="1.0" encoding="UTF-8"?>
<!-- Generated by org.testng.reporters.JUnitReportReporter -->
<testsuite skipped="0" hostname="LAPTOP-UFMLBTPI" name="AlshayaExportFunctionality.Export_HNM_AE" tests="4" failures="0" timestamp="2019-11-12T12:08:49 IST" time="42.007" errors="0">
  <testcase name="HandleThePopUpBox" time="10.757" classname="AlshayaExportFunctionality.Export_HNM_AE"/>
  <testcase name="SignInClick" time="5.856" classname="AlshayaExportFunctionality.Export_HNM_AE"/>
  <testcase name="LoginPage" time="12.410" classname="AlshayaExportFunctionality.Export_HNM_AE"/>
  <testcase name="HomePage" time="12.984" classname="AlshayaExportFunctionality.Export_HNM_AE"/>
</testsuite> <!-- AlshayaExportFunctionality.Export_HNM_AE -->
