<?xml version="1.0" encoding="UTF-8"?>
<!-- Generated by org.testng.reporters.JUnitReportReporter -->
<testsuite skipped="0" hostname="LAPTOP-UFMLBTPI" name="AlshayaExportFunctionality.Export_bathandbodyworks_SA" tests="4" failures="0" timestamp="2019-11-12T12:08:49 IST" time="44.144" errors="0">
  <testcase name="HandleThePopUpBox" time="10.218" classname="AlshayaExportFunctionality.Export_bathandbodyworks_SA"/>
  <testcase name="SignInClick" time="5.889" classname="AlshayaExportFunctionality.Export_bathandbodyworks_SA"/>
  <testcase name="LoginPage" time="10.812" classname="AlshayaExportFunctionality.Export_bathandbodyworks_SA"/>
  <testcase name="HomePage" time="17.225" classname="AlshayaExportFunctionality.Export_bathandbodyworks_SA"/>
</testsuite> <!-- AlshayaExportFunctionality.Export_bathandbodyworks_SA -->
