<?xml version="1.0" encoding="UTF-8"?>
<!-- Generated by org.testng.reporters.JUnitReportReporter -->
<testsuite skipped="0" hostname="LAPTOP-UFMLBTPI" name="AlshayaExportFunctionality.Export_bathandbodyworks_AE" tests="4" failures="0" timestamp="2019-11-12T12:08:49 IST" time="43.386" errors="0">
  <testcase name="HandleThePopUpBox" time="14.704" classname="AlshayaExportFunctionality.Export_bathandbodyworks_AE"/>
  <testcase name="SignInClick" time="5.647" classname="AlshayaExportFunctionality.Export_bathandbodyworks_AE"/>
  <testcase name="LoginPage" time="11.945" classname="AlshayaExportFunctionality.Export_bathandbodyworks_AE"/>
  <testcase name="HomePage" time="11.090" classname="AlshayaExportFunctionality.Export_bathandbodyworks_AE"/>
</testsuite> <!-- AlshayaExportFunctionality.Export_bathandbodyworks_AE -->
