<?xml version="1.0" encoding="UTF-8"?>
<!-- Generated by org.testng.reporters.JUnitReportReporter -->
<testsuite skipped="0" hostname="LAPTOP-UFMLBTPI" name="AlshayaExportFunctionality.Export_Potterybarn_KW" tests="4" failures="0" timestamp="2019-11-12T12:08:49 IST" time="36.144" errors="0">
  <testcase name="HandleThePopUpBox" time="10.166" classname="AlshayaExportFunctionality.Export_Potterybarn_KW"/>
  <testcase name="SignInClick" time="5.758" classname="AlshayaExportFunctionality.Export_Potterybarn_KW"/>
  <testcase name="LoginPage" time="11.860" classname="AlshayaExportFunctionality.Export_Potterybarn_KW"/>
  <testcase name="HomePage" time="8.360" classname="AlshayaExportFunctionality.Export_Potterybarn_KW"/>
</testsuite> <!-- AlshayaExportFunctionality.Export_Potterybarn_KW -->
