<?xml version="1.0" encoding="UTF-8"?>
<!-- Generated by org.testng.reporters.JUnitReportReporter -->
<testsuite skipped="0" hostname="LAPTOP-UFMLBTPI" name="AlshayaExportFunctionality.Export_MotherCare_KW" tests="4" failures="0" timestamp="2019-11-12T12:08:49 IST" time="38.459" errors="0">
  <testcase name="HandleThePopUpBox" time="10.292" classname="AlshayaExportFunctionality.Export_MotherCare_KW"/>
  <testcase name="SignInClick" time="6.278" classname="AlshayaExportFunctionality.Export_MotherCare_KW"/>
  <testcase name="LoginPage" time="11.583" classname="AlshayaExportFunctionality.Export_MotherCare_KW"/>
  <testcase name="HomePage" time="10.306" classname="AlshayaExportFunctionality.Export_MotherCare_KW"/>
</testsuite> <!-- AlshayaExportFunctionality.Export_MotherCare_KW -->
