<?xml version="1.0" encoding="UTF-8"?>
<!-- Generated by org.testng.reporters.JUnitReportReporter -->
<testsuite skipped="1" hostname="LAPTOP-UFMLBTPI" name="AlshayaExportFunctionality.Export_Potterybarn_SA" tests="4" failures="0" timestamp="2019-11-12T12:08:49 IST" time="24.846" errors="0">
  <testcase name="SignInClick" time="5.775" classname="AlshayaExportFunctionality.Export_Potterybarn_SA"/>
  <testcase name="LoginPage" time="9.579" classname="AlshayaExportFunctionality.Export_Potterybarn_SA"/>
  <testcase name="HomePage" time="9.492" classname="AlshayaExportFunctionality.Export_Potterybarn_SA"/>
  <testcase name="HandleThePopUpBox" classname="AlshayaExportFunctionality.Export_Potterybarn_SA">
    <skipped/>
  </testcase> <!-- HandleThePopUpBox -->
</testsuite> <!-- AlshayaExportFunctionality.Export_Potterybarn_SA -->
