<?xml version="1.0" encoding="UTF-8"?>
<!-- Generated by org.testng.reporters.JUnitReportReporter -->
<testsuite skipped="1" hostname="LAPTOP-UFMLBTPI" name="AlshayaExportFunctionality.Export_Footlocker_KW" tests="4" failures="0" timestamp="2019-11-12T12:08:49 IST" time="29.751" errors="0">
  <testcase name="SignInClick" time="10.161" classname="AlshayaExportFunctionality.Export_Footlocker_KW"/>
  <testcase name="LoginPage" time="10.064" classname="AlshayaExportFunctionality.Export_Footlocker_KW"/>
  <testcase name="HomePage" time="9.526" classname="AlshayaExportFunctionality.Export_Footlocker_KW"/>
  <testcase name="HandleThePopUpBox" classname="AlshayaExportFunctionality.Export_Footlocker_KW">
    <skipped/>
  </testcase> <!-- HandleThePopUpBox -->
</testsuite> <!-- AlshayaExportFunctionality.Export_Footlocker_KW -->
