<?xml version="1.0" encoding="UTF-8"?>
<!-- Generated by org.testng.reporters.JUnitReportReporter -->
<testsuite skipped="0" hostname="LAPTOP-UFMLBTPI" name="AlshayaExportFunctionality.Export_Footlocker_SA" tests="4" failures="0" timestamp="2019-11-12T12:08:49 IST" time="35.420" errors="0">
  <testcase name="HandleThePopUpBox" time="10.382" classname="AlshayaExportFunctionality.Export_Footlocker_SA"/>
  <testcase name="SignInClick" time="5.594" classname="AlshayaExportFunctionality.Export_Footlocker_SA"/>
  <testcase name="LoginPage" time="9.361" classname="AlshayaExportFunctionality.Export_Footlocker_SA"/>
  <testcase name="HomePage" time="10.083" classname="AlshayaExportFunctionality.Export_Footlocker_SA"/>
</testsuite> <!-- AlshayaExportFunctionality.Export_Footlocker_SA -->
