<?xml version="1.0" encoding="UTF-8"?>
<!-- Generated by org.testng.reporters.JUnitReportReporter -->
<testsuite skipped="0" hostname="LAPTOP-UFMLBTPI" name="AlshayaExportFunctionality.Export_HNM_KW" tests="4" failures="0" timestamp="2019-11-12T12:08:49 IST" time="48.938" errors="0">
  <testcase name="HandleThePopUpBox" time="20.482" classname="AlshayaExportFunctionality.Export_HNM_KW"/>
  <testcase name="SignInClick" time="5.878" classname="AlshayaExportFunctionality.Export_HNM_KW"/>
  <testcase name="LoginPage" time="11.375" classname="AlshayaExportFunctionality.Export_HNM_KW"/>
  <testcase name="HomePage" time="11.203" classname="AlshayaExportFunctionality.Export_HNM_KW"/>
</testsuite> <!-- AlshayaExportFunctionality.Export_HNM_KW -->
