<?xml version="1.0" encoding="UTF-8"?>
<!-- Generated by org.testng.reporters.JUnitReportReporter -->
<testsuite skipped="0" hostname="LAPTOP-UFMLBTPI" name="AlshayaExportFunctionality.Export_MotherCare_AE" tests="4" failures="0" timestamp="2019-11-12T12:08:49 IST" time="41.650" errors="0">
  <testcase name="HandleThePopUpBox" time="10.223" classname="AlshayaExportFunctionality.Export_MotherCare_AE"/>
  <testcase name="SignInClick" time="9.437" classname="AlshayaExportFunctionality.Export_MotherCare_AE"/>
  <testcase name="LoginPage" time="12.109" classname="AlshayaExportFunctionality.Export_MotherCare_AE"/>
  <testcase name="HomePage" time="9.881" classname="AlshayaExportFunctionality.Export_MotherCare_AE"/>
</testsuite> <!-- AlshayaExportFunctionality.Export_MotherCare_AE -->
