<?xml version="1.0" encoding="UTF-8"?>
<!-- Generated by org.testng.reporters.JUnitReportReporter -->
<testsuite skipped="0" hostname="LAPTOP-UFMLBTPI" name="AlshayaExportFunctionality.Export_Footlocker_AE" tests="4" failures="0" timestamp="2019-11-12T16:44:56 IST" time="40.618" errors="0">
  <testcase name="HandleThePopUpBox" time="14.772" classname="AlshayaExportFunctionality.Export_Footlocker_AE"/>
  <testcase name="SignInClick" time="6.199" classname="AlshayaExportFunctionality.Export_Footlocker_AE"/>
  <testcase name="LoginPage" time="8.838" classname="AlshayaExportFunctionality.Export_Footlocker_AE"/>
  <testcase name="HomePage" time="10.809" classname="AlshayaExportFunctionality.Export_Footlocker_AE"/>
</testsuite> <!-- AlshayaExportFunctionality.Export_Footlocker_AE -->
