<?xml version="1.0" encoding="UTF-8"?>
<!-- Generated by org.testng.reporters.JUnitReportReporter -->
<testsuite skipped="1" hostname="LAPTOP-UFMLBTPI" name="AlshayaExportFunctionality.Export_Potterybarn_AE" tests="4" failures="0" timestamp="2019-11-12T12:08:49 IST" time="25.171" errors="0">
  <testcase name="SignInClick" time="5.861" classname="AlshayaExportFunctionality.Export_Potterybarn_AE"/>
  <testcase name="LoginPage" time="10.126" classname="AlshayaExportFunctionality.Export_Potterybarn_AE"/>
  <testcase name="HomePage" time="9.184" classname="AlshayaExportFunctionality.Export_Potterybarn_AE"/>
  <testcase name="HandleThePopUpBox" classname="AlshayaExportFunctionality.Export_Potterybarn_AE">
    <skipped/>
  </testcase> <!-- HandleThePopUpBox -->
</testsuite> <!-- AlshayaExportFunctionality.Export_Potterybarn_AE -->
